::1 - - [21/Dec/2023:17:07:41 +0000] "POST / HTTP/1.1" 200 89 "-" "PostmanRuntime/7.33.0"
::1 - - [21/Dec/2023:17:08:47 +0000] "POST / HTTP/1.1" 200 204 "-" "PostmanRuntime/7.33.0"
::1 - - [21/Dec/2023:17:18:06 +0000] "POST / HTTP/1.1" 200 171 "-" "PostmanRuntime/7.33.0"
::1 - - [21/Dec/2023:18:15:59 +0000] "POST / HTTP/1.1" 200 222 "-" "PostmanRuntime/7.33.0"
::1 - - [21/Dec/2023:20:35:59 +0000] "GET / HTTP/1.1" 200 502 "-" "PostmanRuntime/7.33.0"
::1 - - [13/Jan/2024:20:13:54 +0000] "GET / HTTP/1.1" 200 502 "-" "PostmanRuntime/7.36.0"
::1 - - [13/Jan/2024:20:41:13 +0000] "GET /properties HTTP/1.1" 404 149 "-" "node"
::1 - - [13/Jan/2024:20:41:40 +0000] "GET /properties HTTP/1.1" 404 149 "-" "node"
::1 - - [13/Jan/2024:20:42:17 +0000] "GET / HTTP/1.1" 200 502 "-" "node"
::1 - - [14/Jan/2024:03:26:59 +0000] "GET / HTTP/1.1" 200 502 "-" "node"
::1 - - [14/Jan/2024:03:58:30 +0000] "GET / HTTP/1.1" 200 502 "-" "node"
::1 - - [15/Jan/2024:00:37:44 +0000] "GET /properties HTTP/1.1" 200 502 "-" "PostmanRuntime/7.36.1"
::1 - - [15/Jan/2024:00:38:04 +0000] "GET /properties:658470ddff6137716af74911 HTTP/1.1" 200 16 "-" "PostmanRuntime/7.36.1"
::1 - - [15/Jan/2024:00:45:20 +0000] "GET /properties:658470ddff6137716af74911 HTTP/1.1" 200 26 "-" "PostmanRuntime/7.36.1"
::1 - - [15/Jan/2024:00:45:37 +0000] "GET /properties HTTP/1.1" 200 502 "-" "PostmanRuntime/7.36.1"
::1 - - [15/Jan/2024:00:45:55 +0000] "GET /properties:658470ddff6137716af74911 HTTP/1.1" 200 26 "-" "PostmanRuntime/7.36.1"
::1 - - [15/Jan/2024:00:45:58 +0000] "GET /properties:658470ddff6137716af7491 HTTP/1.1" 200 26 "-" "PostmanRuntime/7.36.1"
::1 - - [15/Jan/2024:00:46:00 +0000] "GET /properties:658470ddff6137716af74 HTTP/1.1" 200 26 "-" "PostmanRuntime/7.36.1"
::1 - - [15/Jan/2024:00:49:55 +0000] "GET /properties HTTP/1.1" 200 502 "-" "PostmanRuntime/7.36.1"
::1 - - [15/Jan/2024:00:50:06 +0000] "GET /properties:658470ddff6137716af74911 HTTP/1.1" 404 48 "-" "PostmanRuntime/7.36.1"
::1 - - [15/Jan/2024:00:51:18 +0000] "GET /properties HTTP/1.1" 200 502 "-" "PostmanRuntime/7.36.1"
::1 - - [15/Jan/2024:00:51:48 +0000] "GET /properties/658470ddff6137716af74911 HTTP/1.1" 404 174 "-" "PostmanRuntime/7.36.1"
::1 - - [15/Jan/2024:00:52:07 +0000] "GET /properties HTTP/1.1" 200 502 "-" "PostmanRuntime/7.36.1"
::1 - - [15/Jan/2024:00:52:21 +0000] "GET /properties/6584734ed0f4293103964e15 HTTP/1.1" 404 174 "-" "PostmanRuntime/7.36.1"
::1 - - [15/Jan/2024:01:38:07 +0000] "GET /properties HTTP/1.1" 200 502 "-" "PostmanRuntime/7.36.1"
::1 - - [15/Jan/2024:01:38:53 +0000] "GET /properties/6584734ed0f4293103964e15 HTTP/1.1" 404 174 "-" "PostmanRuntime/7.36.1"
::1 - - [15/Jan/2024:01:42:31 +0000] "GET /properties/6584734ed0f4293103964e15 HTTP/1.1" 404 174 "-" "PostmanRuntime/7.36.1"
::1 - - [15/Jan/2024:01:42:35 +0000] "GET /properties/6584734ed0f4293103964e15 HTTP/1.1" 404 174 "-" "PostmanRuntime/7.36.1"
::1 - - [15/Jan/2024:01:44:30 +0000] "GET /properties/6584734ed0f4293103964e15 HTTP/1.1" 404 174 "-" "PostmanRuntime/7.36.1"
::1 - - [15/Jan/2024:01:44:35 +0000] "GET /properties HTTP/1.1" 200 502 "-" "PostmanRuntime/7.36.1"
::1 - - [15/Jan/2024:01:45:32 +0000] "GET /properties/6584734ed0f4293103964e15 HTTP/1.1" 404 174 "-" "PostmanRuntime/7.36.1"
::1 - - [15/Jan/2024:01:47:26 +0000] "GET /properties/6584734ed0f4293103964e15 HTTP/1.1" 404 174 "-" "PostmanRuntime/7.36.1"
::1 - - [15/Jan/2024:01:48:50 +0000] "GET /properties/6584734ed0f4293103964e15 HTTP/1.1" 404 174 "-" "PostmanRuntime/7.36.1"
::1 - - [15/Jan/2024:01:49:03 +0000] "GET /properties HTTP/1.1" 200 502 "-" "PostmanRuntime/7.36.1"
::1 - - [15/Jan/2024:01:49:06 +0000] "GET /properties HTTP/1.1" 200 502 "-" "PostmanRuntime/7.36.1"
::1 - - [15/Jan/2024:01:49:29 +0000] "GET /properties/658480df84762ee93d08c8fb HTTP/1.1" 404 174 "-" "PostmanRuntime/7.36.1"
::1 - - [15/Jan/2024:01:50:00 +0000] "GET /properties/658480df84762ee93d08c8fb HTTP/1.1" 404 174 "-" "PostmanRuntime/7.36.1"
::1 - - [15/Jan/2024:01:50:02 +0000] "GET /properties/658480df84762ee93d08c8fb HTTP/1.1" 404 174 "-" "PostmanRuntime/7.36.1"
::1 - - [15/Jan/2024:01:50:14 +0000] "GET /properties/658480df84762ee93d08c8fb HTTP/1.1" 404 174 "-" "PostmanRuntime/7.36.1"
::1 - - [15/Jan/2024:01:50:15 +0000] "GET /properties/658480df84762ee93d08c8fb HTTP/1.1" 404 174 "-" "PostmanRuntime/7.36.1"
::1 - - [15/Jan/2024:01:50:16 +0000] "GET /properties/658480df84762ee93d08c8fb HTTP/1.1" 404 174 "-" "PostmanRuntime/7.36.1"
::1 - - [15/Jan/2024:01:50:52 +0000] "GET /properties/658480df84762ee93d08c8fb HTTP/1.1" 404 48 "-" "PostmanRuntime/7.36.1"
::1 - - [15/Jan/2024:01:51:05 +0000] "GET /properties HTTP/1.1" 200 502 "-" "PostmanRuntime/7.36.1"
::1 - - [15/Jan/2024:01:51:19 +0000] "GET /properties/6584711fad30c0c25c510663 HTTP/1.1" 404 48 "-" "PostmanRuntime/7.36.1"
::1 - - [15/Jan/2024:01:51:39 +0000] "GET /properties/6584711fad30c0c25c510663 HTTP/1.1" 404 49 "-" "PostmanRuntime/7.36.1"
::1 - - [15/Jan/2024:01:58:16 +0000] "GET /properties/6584711fad30c0c25c510663 HTTP/1.1" 404 48 "-" "PostmanRuntime/7.36.1"
::1 - - [15/Jan/2024:02:01:40 +0000] "GET /properties/6584711fad30c0c25c510663 HTTP/1.1" 404 48 "-" "PostmanRuntime/7.36.1"
::1 - - [15/Jan/2024:02:01:47 +0000] "GET /properties HTTP/1.1" 404 48 "-" "PostmanRuntime/7.36.1"
::1 - - [15/Jan/2024:02:01:48 +0000] "GET /properties HTTP/1.1" 404 48 "-" "PostmanRuntime/7.36.1"
::1 - - [15/Jan/2024:02:03:11 +0000] "GET /properties HTTP/1.1" 404 48 "-" "PostmanRuntime/7.36.1"
::1 - - [15/Jan/2024:02:03:53 +0000] "GET /properties HTTP/1.1" 200 502 "-" "PostmanRuntime/7.36.1"
::1 - - [15/Jan/2024:02:04:05 +0000] "GET /properties/658470ddff6137716af74911 HTTP/1.1" 404 48 "-" "PostmanRuntime/7.36.1"
::1 - - [15/Jan/2024:02:09:56 +0000] "GET /properties/658470ddff6137716af74911 HTTP/1.1" 404 48 "-" "PostmanRuntime/7.36.1"
::1 - - [15/Jan/2024:02:11:55 +0000] "GET /properties/658470ddff6137716af74911 HTTP/1.1" 404 48 "-" "PostmanRuntime/7.36.1"
::1 - - [15/Jan/2024:02:11:57 +0000] "GET /properties/658470ddff6137716af74911 HTTP/1.1" 404 48 "-" "PostmanRuntime/7.36.1"
::1 - - [15/Jan/2024:02:17:41 +0000] "GET /properties/658470ddff6137716af74911 HTTP/1.1" 404 48 "-" "PostmanRuntime/7.36.1"
::1 - - [15/Jan/2024:02:17:44 +0000] "GET /properties HTTP/1.1" 200 502 "-" "PostmanRuntime/7.36.1"
::1 - - [15/Jan/2024:02:19:13 +0000] "GET /properties HTTP/1.1" 200 502 "-" "PostmanRuntime/7.36.1"
::1 - - [15/Jan/2024:02:19:24 +0000] "GET /properties/6584711fad30c0c25c510663 HTTP/1.1" 404 48 "-" "PostmanRuntime/7.36.1"
::1 - - [15/Jan/2024:02:23:02 +0000] "GET /properties/6584711fad30c0c25c510663 HTTP/1.1" 404 48 "-" "PostmanRuntime/7.36.1"
::1 - - [15/Jan/2024:02:23:23 +0000] "GET /properties/6584711fad30c0c25c510663 HTTP/1.1" 404 48 "-" "PostmanRuntime/7.36.1"
::1 - - [15/Jan/2024:02:23:49 +0000] "GET /properties/6584711fad30c0c25c510663 HTTP/1.1" 404 48 "-" "PostmanRuntime/7.36.1"
::1 - - [15/Jan/2024:02:24:18 +0000] "GET /properties/6584711fad30c0c25c510663 HTTP/1.1" 404 48 "-" "PostmanRuntime/7.36.1"
::1 - - [15/Jan/2024:02:24:41 +0000] "GET /properties/6584711fad30c0c25c510663 HTTP/1.1" 404 48 "-" "PostmanRuntime/7.36.1"
::1 - - [15/Jan/2024:02:25:10 +0000] "GET /properties/6584711fad30c0c25c510663 HTTP/1.1" 404 48 "-" "PostmanRuntime/7.36.1"
::1 - - [15/Jan/2024:02:29:39 +0000] "GET /properties/6584711fad30c0c25c510663 HTTP/1.1" 404 48 "-" "PostmanRuntime/7.36.1"
::1 - - [15/Jan/2024:02:31:12 +0000] "GET /properties HTTP/1.1" 200 502 "-" "PostmanRuntime/7.36.1"
::1 - - [15/Jan/2024:02:31:41 +0000] "GET /properties/6584711fad30c0c25c510663 HTTP/1.1" 404 48 "-" "PostmanRuntime/7.36.1"
::1 - - [15/Jan/2024:02:33:00 +0000] "GET /properties/6584711fad30c0c25c510663 HTTP/1.1" 404 48 "-" "PostmanRuntime/7.36.1"
::1 - - [15/Jan/2024:02:35:28 +0000] "GET /properties/6584711fad30c0c25c510663 HTTP/1.1" 200 229 "-" "PostmanRuntime/7.36.1"
